{"/Users/mammut/Documents/code/OTHERS/devops-apprenticeship/app/server.js": {"path":"/Users/mammut/Documents/code/OTHERS/devops-apprenticeship/app/server.js","statementMap":{"0":{"start":{"line":10,"column":2},"end":{"line":18,"column":5}},"1":{"start":{"line":11,"column":4},"end":{"line":15,"column":5}},"2":{"start":{"line":12,"column":6},"end":{"line":12,"column":65}},"3":{"start":{"line":13,"column":6},"end":{"line":13,"column":48}},"4":{"start":{"line":14,"column":6},"end":{"line":14,"column":13}},"5":{"start":{"line":16,"column":4},"end":{"line":16,"column":57}},"6":{"start":{"line":17,"column":4},"end":{"line":17,"column":44}},"7":{"start":{"line":21,"column":13},"end":{"line":21,"column":37}},"8":{"start":{"line":22,"column":0},"end":{"line":27,"column":1}},"9":{"start":{"line":23,"column":17},"end":{"line":23,"column":29}},"10":{"start":{"line":24,"column":2},"end":{"line":26,"column":4}},"11":{"start":{"line":25,"column":4},"end":{"line":25,"column":55}}},"fnMap":{"0":{"name":"makeServer","decl":{"start":{"line":9,"column":16},"end":{"line":9,"column":26}},"loc":{"start":{"line":9,"column":29},"end":{"line":19,"column":1}},"line":9},"1":{"name":"(anonymous_1)","decl":{"start":{"line":10,"column":27},"end":{"line":10,"column":28}},"loc":{"start":{"line":10,"column":41},"end":{"line":18,"column":3}},"line":10},"2":{"name":"(anonymous_2)","decl":{"start":{"line":24,"column":22},"end":{"line":24,"column":23}},"loc":{"start":{"line":25,"column":4},"end":{"line":25,"column":55}},"line":25}},"branchMap":{"0":{"loc":{"start":{"line":11,"column":4},"end":{"line":15,"column":5}},"type":"if","locations":[{"start":{"line":11,"column":4},"end":{"line":15,"column":5}},{"start":{},"end":{}}],"line":11},"1":{"loc":{"start":{"line":21,"column":13},"end":{"line":21,"column":37}},"type":"binary-expr","locations":[{"start":{"line":21,"column":13},"end":{"line":21,"column":29}},{"start":{"line":21,"column":33},"end":{"line":21,"column":37}}],"line":21},"2":{"loc":{"start":{"line":22,"column":0},"end":{"line":27,"column":1}},"type":"if","locations":[{"start":{"line":22,"column":0},"end":{"line":27,"column":1}},{"start":{},"end":{}}],"line":22}},"s":{"0":1,"1":1,"2":1,"3":1,"4":1,"5":0,"6":0,"7":1,"8":1,"9":0,"10":0,"11":0},"f":{"0":1,"1":1,"2":0},"b":{"0":[1,0],"1":[1,1],"2":[0,1]},"inputSourceMap":null,"_coverageSchema":"1a1c01bbd47fc00a2c39e90264f33305004495a9","hash":"3d6a6db2cf4797519d321fe89bcd81b2055b8167"}
}
